<?xml version="1.0" encoding="UTF-8" ?>
<testsuite errors="0" failures="0" hostname="E-laptop" name="stamboom.storage.SerialisatieTest" skipped="0" tests="1" time="0.085" timestamp="2014-10-26T10:02:43">
  <properties>
    <property name="libs.jsp-compiler.javadoc" value="" />
    <property name="netbeans.autoupdate.country" value="US" />
    <property name="javafx.binarycss" value="false" />
    <property name="javafx.signing.enabled" value="true" />
    <property name="javac.test.classpath" value="D:\netbeans\NetBeans 8.0\ide\modules\ext\mysql-connector-java-5.1.23-bin.jar:D:\netbeans\NetBeans 8.0\platform\modules\ext\junit-4.10.jar:D:\jdk\jre/lib/javaws.jar:D:\jdk\jre/lib/deploy.jar:D:\jdk\jre/lib/plugin.jar:build/classes" />
    <property name="libs.jsf20.maven-pom" value="" />
    <property name="libs.DataBindingME.src" value="D:\netbeans\NetBeans 8.0\mobility\sources\netbeans_databindingme-src.zip" />
    <property name="manifest.custom.codebase" value="*" />
    <property name="javafx.signing.blob" value="false" />
    <property name="libs.junit.javadoc" value="D:\netbeans\NetBeans 8.0\java\docs\junit-3.8.2-api.zip" />
    <property name="libs.spring-webmvc4.0.src" value="" />
    <property name="javac.includes" value="stamboom/storage/SerialisatieTest.java" />
    <property name="ant.core.lib" value="D:\netbeans\NetBeans 8.0\extide\ant\lib\ant.jar" />
    <property name="javadoc.windowtitle" value="" />
    <property name="libs.jsp-compilation.javadoc" value="" />
    <property name="javafx.preloader.enabled" value="false" />
    <property name="user.dir" value="C:\Users\edwin\Desktop\fuckbomen\StamboomProject" />
    <property name="libs.javaee-api-7.0.src" value="" />
    <property name="java.vm.version" value="25.20-b23" />
    <property name="libs.DataBindingME.classpath" value="D:\netbeans\NetBeans 8.0\mobility\modules\ext\netbeans_databindingme.jar" />
    <property name="javafx.native.bundling.type" value="none" />
    <property name="libs.j2me_common_ant.src" value="" />
    <property name="libs.MySQLDriver.classpath" value="D:\netbeans\NetBeans 8.0\ide\modules\ext\mysql-connector-java-5.1.23-bin.jar" />
    <property name="libs.eclipselinkmodelgen.src" value="" />
    <property name="javadoc.notree" value="false" />
    <property name="netbeans.autoupdate.version" value="1.23" />
    <property name="libs.javaee-web-api-6.0.classpath" value="D:\netbeans\NetBeans 8.0\enterprise\modules\ext\javaee-web-api-6.0.jar" />
    <property name="libs.DataBindingME-PIM.maven-pom" value="" />
    <property name="javac.profile.cmd.line.arg" value="" />
    <property name="jdk.home" value="D:\jdk" />
    <property name="javafx.deploy.addstartmenushortcut" value="false" />
    <property name="libs.javac-api.src" value="" />
    <property name="javafx.enabled" value="true" />
    <property name="javadoc.noindex" value="false" />
    <property name="libs.jpa2-persistence.classpath" value="D:\netbeans\NetBeans 8.0\java\modules\ext\hibernate4\hibernate-jpa-2.0-api-1.0.1.Final.jar" />
    <property name="sun.os.patch.level" value="" />
    <property name="auxiliary.org-netbeans-modules-projectapi.issue214819_5f_fx_5f_enabled" value="true" />
    <property name="java.vm.specification.name" value="Java Virtual Machine Specification" />
    <property name="nb.show.statistics.ui" value="usageStatisticsEnabled" />
    <property name="netbeans.autoupdate.variant" value="" />
    <property name="have.tests" value="true" />
    <property name="org.xml.sax.driver" value="com.sun.org.apache.xerces.internal.jaxp.SAXParserImpl$JAXPSAXParser" />
    <property name="libs.javac-api.javadoc" value="" />
    <property name="os.name" value="Windows 8.1" />
    <property name="libs.beans-binding.classpath" value="D:\netbeans\NetBeans 8.0\java\modules\ext\beansbinding-1.2.1.jar" />
    <property name="libs.javaee-endorsed-api-7.0.maven-pom" value="" />
    <property name="ap.proc.none.internal" value="" />
    <property name="libs.DataBindingME-SVG.javadoc" value="D:\netbeans\NetBeans 8.0\mobility\modules\docs\netbeans_databindingme_svg-api.zip" />
    <property name="libs.restapi.javadoc" value="" />
    <property name="libs.JWSAntTasks.maven-pom" value="" />
    <property name="libs.jstl.classpath" value="D:\netbeans\NetBeans 8.0\enterprise\modules\ext\jstl-impl.jar;D:\netbeans\NetBeans 8.0\enterprise\modules\ext\jstl-api.jar" />
    <property name="libs.testng.src" value="" />
    <property name="javafx.preloader.project.path" value="" />
    <property name="libs.spring-webmvc3.0.src" value="" />
    <property name="libs.restapi.classpath" value="D:\netbeans\NetBeans 8.0\enterprise\modules\ext\jaxrs-2.0\javax.ws.rs-api-2.0.jar" />
    <property name="java.vendor.url.bug" value="http://bugreport.sun.com/bugreport/" />
    <property name="javafx.preloader.type" value="none" />
    <property name="libs.jaxb.maven-pom" value="" />
    <property name="os.arch" value="x86" />
    <property name="libs.eclipselink.src" value="" />
    <property name="user.name" value="edwin" />
    <property name="libs.jsf12.javadoc" value="D:\netbeans\NetBeans 8.0\enterprise\docs\javaee-doc-api.jar" />
    <property name="copylibs.rebase" value="true" />
    <property name="libs.j2me_common_ant.maven-pom" value="" />
    <property name="libs.spring-webmvc3.0.maven-pom" value="" />
    <property name="libs.swing-layout.maven-pom" value="" />
    <property name="sun.java.command" value="org.apache.tools.ant.taskdefs.optional.junit.JUnitTestRunner stamboom.storage.SerialisatieTest filtertrace=true haltOnError=false haltOnFailure=false showoutput=true outputtoformatters=true logfailedtests=true logtestlistenerevents=true formatter=org.apache.tools.ant.taskdefs.optional.junit.BriefJUnitResultFormatter formatter=org.apache.tools.ant.taskdefs.optional.junit.XMLJUnitResultFormatter,C:\Users\edwin\Desktop\fuckbomen\StamboomProject\build\test\results\TEST-stamboom.storage.SerialisatieTest.xml crashfile=C:\Users\edwin\Desktop\fuckbomen\StamboomProject\build\junitvmwatcher1197033499158941729.properties propsfile=C:\Users\edwin\Desktop\fuckbomen\StamboomProject\build\junit4805800577449421878.properties" />
    <property name="auxiliary.org-netbeans-modules-editor-indent.text.x-java.CodeStyle.project.wrapAnnotations" value="WRAP_NEVER" />
    <property name="build.classes.dir" value="build/classes" />
    <property name="netbeans.accept_license_class" value="org.netbeans.license.AcceptLicense" />
    <property name="build.sysclasspath" value="ignore" />
    <property name="ap.supported.internal" value="true" />
    <property name="libs.javaee-endorsed-api-7.0.javadoc" value="D:\netbeans\NetBeans 8.0\enterprise\docs\javaee-doc-api.jar" />
    <property name="libs.jaxws21.javadoc" value="D:\netbeans\NetBeans 8.0\java\docs\jaxws-api-doc.zip" />
    <property name="libs.spring-webmvc4.0.javadoc" value="" />
    <property name="javafx.run.width" value="800" />
    <property name="includes" value="**" />
    <property name="test.tst.dir" value="tst" />
    <property name="user.country" value="US" />
    <property name="manifest.file" value="manifest.mf" />
    <property name="javadoc.encoding" value="UTF-8" />
    <property name="javac.classpath" value="D:\netbeans\NetBeans 8.0\ide\modules\ext\mysql-connector-java-5.1.23-bin.jar:D:\netbeans\NetBeans 8.0\platform\modules\ext\junit-4.10.jar:D:\jdk\jre/lib/javaws.jar:D:\jdk\jre/lib/deploy.jar:D:\jdk\jre/lib/plugin.jar" />
    <property name="libs.jsp-compilation-syscp.src" value="" />
    <property name="libs.JAVADB_DRIVER_LABEL.src" value="" />
    <property name="libs.spring-framework400.classpath" value="D:\netbeans\NetBeans 8.0\ide\modules\org-apache-commons-logging.jar;D:\netbeans\NetBeans 8.0\java\modules\ext\cglib-2.2.jar;D:\netbeans\NetBeans 8.0\java\modules\ext\spring-4\spring-aop-4.0.1.RELEASE.jar;D:\netbeans\NetBeans 8.0\java\modules\ext\spring-4\spring-aspects-4.0.1.RELEASE.jar;D:\netbeans\NetBeans 8.0\java\modules\ext\spring-4\spring-beans-4.0.1.RELEASE.jar;D:\netbeans\NetBeans 8.0\java\modules\ext\spring-4\spring-build-src-4.0.1.RELEASE.jar;D:\netbeans\NetBeans 8.0\java\modules\ext\spring-4\spring-context-4.0.1.RELEASE.jar;D:\netbeans\NetBeans 8.0\java\modules\ext\spring-4\spring-context-support-4.0.1.RELEASE.jar;D:\netbeans\NetBeans 8.0\java\modules\ext\spring-4\spring-core-4.0.1.RELEASE.jar;D:\netbeans\NetBeans 8.0\java\modules\ext\spring-4\spring-expression-4.0.1.RELEASE.jar;D:\netbeans\NetBeans 8.0\java\modules\ext\spring-4\spring-framework-bom-4.0.1.RELEASE.jar;D:\netbeans\NetBeans 8.0\java\modules\ext\spring-4\spring-instrument-4.0.1.RELEASE.jar;D:\netbeans\NetBeans 8.0\java\modules\ext\spring-4\spring-instrument-tomcat-4.0.1.RELEASE.jar;D:\netbeans\NetBeans 8.0\java\modules\ext\spring-4\spring-jdbc-4.0.1.RELEASE.jar;D:\netbeans\NetBeans 8.0\java\modules\ext\spring-4\spring-jms-4.0.1.RELEASE.jar;D:\netbeans\NetBeans 8.0\java\modules\ext\spring-4\spring-messaging-4.0.1.RELEASE.jar;D:\netbeans\NetBeans 8.0\java\modules\ext\spring-4\spring-orm-4.0.1.RELEASE.jar;D:\netbeans\NetBeans 8.0\java\modules\ext\spring-4\spring-oxm-4.0.1.RELEASE.jar;D:\netbeans\NetBeans 8.0\java\modules\ext\spring-4\spring-test-4.0.1.RELEASE.jar;D:\netbeans\NetBeans 8.0\java\modules\ext\spring-4\spring-tx-4.0.1.RELEASE.jar;D:\netbeans\NetBeans 8.0\java\modules\ext\spring-4\spring-web-4.0.1.RELEASE.jar;D:\netbeans\NetBeans 8.0\java\modules\ext\spring-4\spring-webmvc-4.0.1.RELEASE.jar;D:\netbeans\NetBeans 8.0\java\modules\ext\spring-4\spring-webmvc-portlet-4.0.1.RELEASE.jar;D:\netbeans\NetBeans 8.0\java\modules\ext\spring-4\spring-websocket-4.0.1.RELEASE.jar" />
    <property name="debug-transport" value="dt_shmem" />
    <property name="netbeans.home" value="D:\netbeans\NetBeans 8.0\platform" />
    <property name="build.compiler.emacs" value="true" />
    <property name="libs.javaee-web-api-6.0.src" value="" />
    <property name="libs.jsp-compilation-syscp.classpath" value="D:\netbeans\NetBeans 8.0\extide\ant\lib\ant.jar;D:\netbeans\NetBeans 8.0\enterprise\modules\ext\servlet3.1-jsp2.3-api.jar;D:\netbeans\NetBeans 8.0\enterprise\modules\ext\glassfish-jspparser-4.0.jar;D:\netbeans\NetBeans 8.0\enterprise\modules\ext\jstl-impl.jar;D:\netbeans\NetBeans 8.0\enterprise\modules\ext\jsf-2_2\javax.faces.jar" />
    <property name="javafx.deploy.includeDT" value="true" />
    <property name="java.endorsed.dirs" value="D:\jdk\jre\lib\endorsed" />
    <property name="libs.groovy-all.src" value="" />
    <property name="test.includes" value="stamboom/storage/SerialisatieTest.java" />
    <property name="netbeans.dynamic.classpath" value="D:\netbeans\NetBeans 8.0\platform\core\core.jar;D:\netbeans\NetBeans 8.0\platform\core\org-openide-filesystems.jar;D:\netbeans\NetBeans 8.0\platform\core\locale\core_ja.jar;D:\netbeans\NetBeans 8.0\platform\core\locale\core_pt_BR.jar;D:\netbeans\NetBeans 8.0\platform\core\locale\core_ru.jar;D:\netbeans\NetBeans 8.0\platform\core\locale\core_zh_CN.jar;D:\netbeans\NetBeans 8.0\platform\core\locale\org-openide-filesystems_ja.jar;D:\netbeans\NetBeans 8.0\platform\core\locale\org-openide-filesystems_pt_BR.jar;D:\netbeans\NetBeans 8.0\platform\core\locale\org-openide-filesystems_ru.jar;D:\netbeans\NetBeans 8.0\platform\core\locale\org-openide-filesystems_zh_CN.jar;D:\netbeans\NetBeans 8.0\nb\core\org-netbeans-upgrader.jar;D:\netbeans\NetBeans 8.0\nb\core\locale\core_nb.jar;D:\netbeans\NetBeans 8.0\nb\core\locale\core_nb_ja.jar;D:\netbeans\NetBeans 8.0\nb\core\locale\core_nb_pt_BR.jar;D:\netbeans\NetBeans 8.0\nb\core\locale\core_nb_ru.jar;D:\netbeans\NetBeans 8.0\nb\core\locale\core_nb_zh_CN.jar;D:\netbeans\NetBeans 8.0\nb\core\locale\org-netbeans-upgrader_ja.jar;D:\netbeans\NetBeans 8.0\nb\core\locale\org-netbeans-upgrader_pt_BR.jar;D:\netbeans\NetBeans 8.0\nb\core\locale\org-netbeans-upgrader_ru.jar;D:\netbeans\NetBeans 8.0\nb\core\locale\org-netbeans-upgrader_zh_CN.jar" />
    <property name="jnlp.enabled" value="false" />
    <property name="java.vm.specification.version" value="1.8" />
    <property name="libs.hibernate4-support.src" value="" />
    <property name="libs.primefaces.classpath" value="D:\netbeans\NetBeans 8.0\enterprise\modules\ext\primefaces\primefaces-4.0.jar" />
    <property name="libs.javaee-api-6.0.classpath" value="D:\netbeans\NetBeans 8.0\enterprise\modules\ext\javaee-api-6.0.jar" />
    <property name="libs.groovy-all.maven-pom" value="" />
    <property name="netbeans.productversion" value="NetBeans IDE 8.0 (Build 201403101706)" />
    <property name="javafx.preloader.class" value="" />
    <property name="libs.jaxws21.src" value="" />
    <property name="application.title" value="Stamboom Applicatie" />
    <property name="netbeans.autoupdate.language" value="en" />
    <property name="java.vendor" value="Oracle Corporation" />
    <property name="libs.javaee-api-6.0.javadoc" value="D:\netbeans\NetBeans 8.0\enterprise\docs\javaee-doc-api.jar" />
    <property name="jar.index.metainf" value="false" />
    <property name="javac.debug" value="true" />
    <property name="javadoc.splitindex" value="true" />
    <property name="file.separator" value="\" />
    <property name="javac.includesfile.binary" value="C:\Users\edwin\Desktop\fuckbomen\StamboomProject\null1423144411" />
    <property name="libs.junit_4.maven-pom" value="" />
    <property name="mkdist.disabled" value="false" />
    <property name="javac.test.processorpath" value="D:\netbeans\NetBeans 8.0\ide\modules\ext\mysql-connector-java-5.1.23-bin.jar:D:\netbeans\NetBeans 8.0\platform\modules\ext\junit-4.10.jar:D:\jdk\jre/lib/javaws.jar:D:\jdk\jre/lib/deploy.jar:D:\jdk\jre/lib/plugin.jar:build/classes" />
    <property name="netbeans.buildnumber" value="201403101706" />
    <property name="libs.JWSAntTasks.javadoc" value="" />
    <property name="build.generated.sources.dir" value="build/generated-sources" />
    <property name="user.variant" value="" />
    <property name="libs.eclipselinkmodelgen.classpath" value="D:\netbeans\NetBeans 8.0\java\modules\ext\eclipselink\org.eclipse.persistence.jpa.modelgen_2.5.1.v20130918-f2b9fc5.jar" />
    <property name="auxiliary.org-netbeans-modules-editor-indent.text.x-java.CodeStyle.project.keepGettersAndSettersTogether" value="true" />
    <property name="libs.javaee-endorsed-api-7.0.src" value="" />
    <property name="sun.java.launcher" value="SUN_STANDARD" />
    <property name="libs.junit.classpath" value="D:\netbeans\NetBeans 8.0\java\modules\ext\junit-3.8.2.jar" />
    <property name="libs.hibernate4-persistencemodelgen.javadoc" value="" />
    <property name="libs.jaxb.javadoc" value="D:\netbeans\NetBeans 8.0\ide\docs\jaxb-api-doc.zip" />
    <property name="libs.struts.classpath" value="D:\netbeans\NetBeans 8.0\enterprise\modules\ext\struts\antlr-2.7.2.jar;D:\netbeans\NetBeans 8.0\enterprise\modules\ext\struts\bsf-2.3.0.jar;D:\netbeans\NetBeans 8.0\enterprise\modules\ext\struts\commons-beanutils-1.8.0.jar;D:\netbeans\NetBeans 8.0\enterprise\modules\ext\struts\commons-chain-1.2.jar;D:\netbeans\NetBeans 8.0\enterprise\modules\ext\struts\commons-digester-1.8.jar;D:\netbeans\NetBeans 8.0\enterprise\modules\ext\struts\commons-fileupload-1.1.1.jar;D:\netbeans\NetBeans 8.0\enterprise\modules\ext\struts\commons-io-1.1.jar;D:\netbeans\NetBeans 8.0\enterprise\modules\ext\struts\commons-logging-1.0.4.jar;D:\netbeans\NetBeans 8.0\enterprise\modules\ext\struts\commons-validator-1.3.1.jar;D:\netbeans\NetBeans 8.0\enterprise\modules\ext\struts\jstl-1.0.2.jar;D:\netbeans\NetBeans 8.0\enterprise\modules\ext\struts\oro-2.0.8.jar;D:\netbeans\NetBeans 8.0\enterprise\modules\ext\struts\standard-1.0.6.jar;D:\netbeans\NetBeans 8.0\enterprise\modules\ext\struts\struts-core-1.3.10.jar;D:\netbeans\NetBeans 8.0\enterprise\modules\ext\struts\struts-el-1.3.10.jar;D:\netbeans\NetBeans 8.0\enterprise\modules\ext\struts\struts-extras-1.3.10.jar;D:\netbeans\NetBeans 8.0\enterprise\modules\ext\struts\struts-faces-1.3.10.jar;D:\netbeans\NetBeans 8.0\enterprise\modules\ext\struts\struts-mailreader-dao-1.3.10.jar;D:\netbeans\NetBeans 8.0\enterprise\modules\ext\struts\struts-scripting-1.3.10.jar;D:\netbeans\NetBeans 8.0\enterprise\modules\ext\struts\struts-taglib-1.3.10.jar;D:\netbeans\NetBeans 8.0\enterprise\modules\ext\struts\struts-tiles-1.3.10.jar" />
    <property name="javac.includes.binary" value="C:\Users\edwin\Desktop\fuckbomen\StamboomProject\build\test\classes\stamboom\storage\SerialisatieTest.class" />
    <property name="ant.home" value="D:\netbeans\NetBeans 8.0\extide\ant" />
    <property name="libs.junit_4.src" value="D:\netbeans\NetBeans 8.0\java\docs\junit-4.10-sources.jar" />
    <property name="javafx.run.height" value="600" />
    <property name="libs.testng.classpath" value="D:\netbeans\NetBeans 8.0\platform\modules\ext\testng-6.8.1-dist.jar" />
    <property name="libs.absolutelayout.maven-pom" value="" />
    <property name="ant.java.version" value="1.8" />
    <property name="java.library.path" value="D:\jdk\jre\bin;C:\WINDOWS\Sun\Java\bin;C:\WINDOWS\system32;C:\WINDOWS;C:\ProgramData\Oracle\Java\javapath;D:\app\edwin\product\12.1.0\dbhome_1\bin;D:\app\edwin\product\12.1.0\client_1;D:\app\edwin\product\12.1.0\client_1\bin;C:\Users\edwin\Documents\oracle\product\12.1.0\dbhome_1\bin;C:\oraclexe\app\oracle\product\11.2.0\server\bin;;C:\Program Files (x86)\NVIDIA Corporation\PhysX\Common;C:\Program Files (x86)\Intel\iCLS Client\;C:\Program Files\Intel\iCLS Client\;C:\WINDOWS\system32;C:\WINDOWS;C:\WINDOWS\System32\Wbem;C:\WINDOWS\System32\WindowsPowerShell\v1.0\;C:\Program Files (x86)\Windows Live\Shared;C:\Program Files (x86)\Intel\OpenCL SDK\2.0\bin\x86;C:\Program Files (x86)\Intel\OpenCL SDK\2.0\bin\x64;C:\Program Files (x86)\IVI Foundation\VISA\WinNT\Bin;C:\Program Files\Microsoft\Web Platform Installer\;C:\Program Files (x86)\Microsoft ASP.NET\ASP.NET Web Pages\v1.0\;C:\Program Files (x86)\Windows Kits\8.0\Windows Performance Toolkit\;C:\Program Files\Microsoft SQL Server\110\Tools\Binn\;C:\Program Files (x86)\VisualSVN Server\bin;C:\Program Files\TortoiseSVN\bin;C:\Program Files\Intel\Intel(R) Management Engine Components\DAL;C:\Program Files\Intel\Intel(R) Management Engine Components\IPT;C:\Program Files (x86)\Intel\Intel(R) Management Engine Components\DAL;C:\Program Files (x86)\Intel\Intel(R) Management Engine Components\IPT;C:\Program Files (x86)\MySQL\MySQL Fabric 1.5.2 &amp; MySQL Utilities 1.5.2 1.5\;C:\Program Files (x86)\MySQL\MySQL Fabric 1.5.2 &amp; MySQL Utilities 1.5.2 1.5\Doctrine extensions for PHP\;D:\zenmaperino\Nmap;." />
    <property name="javadoc.author" value="false" />
    <property name="libs.metro.maven-pom" value="" />
    <property name="java.util.logging.config.class" value="org.netbeans.core.startup.TopLogging" />
    <property name="libs.spring-framework400.src" value="" />
    <property name="libs.PostgreSQLDriver.src" value="" />
    <property name="sun.arch.data.model" value="32" />
    <property name="basedir" value="C:\Users\edwin\Desktop\fuckbomen\StamboomProject" />
    <property name="libs.jpa20-persistence.maven-pom" value="" />
    <property name="jar.compress" value="false" />
    <property name="ant.file.StamboomProject-impl" value="C:\Users\edwin\Desktop\fuckbomen\StamboomProject\nbproject\build-impl.xml" />
    <property name="libs.javaee-web-api-7.0.classpath" value="D:\netbeans\NetBeans 8.0\enterprise\modules\ext\javaee-web-api-7.0.jar" />
    <property name="auxiliary.org-netbeans-modules-editor-indent.CodeStyle.project.text-limit-width" value="80" />
    <property name="path.separator" value=";" />
    <property name="libs.javaee-web-api-6.0.javadoc" value="D:\netbeans\NetBeans 8.0\enterprise\docs\javaee-doc-api.jar" />
    <property name="ant.junit.enabletestlistenerevents" value="true" />
    <property name="sun.io.unicode.encoding" value="UnicodeLittle" />
    <property name="libs.jaxws21.classpath" value="D:\netbeans\NetBeans 8.0\ide\modules\ext\jaxb\jaxb-impl.jar;D:\netbeans\NetBeans 8.0\ide\modules\ext\jaxb\jaxb-xjc.jar;D:\netbeans\NetBeans 8.0\java\modules\ext\jaxws22\FastInfoset.jar;D:\netbeans\NetBeans 8.0\java\modules\ext\jaxws22\gmbal-api-only.jar;D:\netbeans\NetBeans 8.0\java\modules\ext\jaxws22\ha-api.jar;D:\netbeans\NetBeans 8.0\java\modules\ext\jaxws22\javax.mail_1.4.jar;D:\netbeans\NetBeans 8.0\java\modules\ext\jaxws22\jaxws-rt.jar;D:\netbeans\NetBeans 8.0\java\modules\ext\jaxws22\jaxws-tools.jar;D:\netbeans\NetBeans 8.0\java\modules\ext\jaxws22\management-api.jar;D:\netbeans\NetBeans 8.0\java\modules\ext\jaxws22\mimepull.jar;D:\netbeans\NetBeans 8.0\java\modules\ext\jaxws22\policy.jar;D:\netbeans\NetBeans 8.0\java\modules\ext\jaxws22\saaj-impl.jar;D:\netbeans\NetBeans 8.0\java\modules\ext\jaxws22\stax-ex.jar;D:\netbeans\NetBeans 8.0\java\modules\ext\jaxws22\stax2-api.jar;D:\netbeans\NetBeans 8.0\java\modules\ext\jaxws22\streambuffer.jar;D:\netbeans\NetBeans 8.0\java\modules\ext\jaxws22\woodstox-core-asl.jar;D:\netbeans\NetBeans 8.0\java\modules\ext\jaxws22\api\jaxws-api.jar;D:\netbeans\NetBeans 8.0\java\modules\ext\jaxws22\api\jsr181-api.jar;D:\netbeans\NetBeans 8.0\java\modules\ext\jaxws22\api\javax.annotation.jar;D:\netbeans\NetBeans 8.0\java\modules\ext\jaxws22\api\saaj-api.jar;D:\netbeans\NetBeans 8.0\ide\modules\ext\jaxb\activation.jar;D:\netbeans\NetBeans 8.0\ide\modules\ext\jaxb\api\jaxb-api.jar;D:\netbeans\NetBeans 8.0\ide\modules\ext\jaxb\api\jsr173_1.0_api.jar" />
    <property name="libs.struts.src" value="" />
    <property name="compile.on.save" value="true" />
    <property name="apple.awt.graphics.UseQuartz" value="true" />
    <property name="user.language" value="en" />
    <property name="testng.mode" value="testng" />
    <property name="libs.JAXB-ENDORSED.maven-pom" value="" />
    <property name="libs.eclipselink.maven-pom" value="" />
    <property name="application.vendor" value="frankpeeters" />
    <property name="test.binaryincludes" value="&lt;nothing&gt;" />
    <property name="manifest.available" value="true" />
    <property name="libs.primefaces.javadoc" value="" />
    <property name="libs.spring-framework300.maven-pom" value="" />
    <property name="run.test.classpath" value="D:\netbeans\NetBeans 8.0\ide\modules\ext\mysql-connector-java-5.1.23-bin.jar:D:\netbeans\NetBeans 8.0\platform\modules\ext\junit-4.10.jar:D:\jdk\jre/lib/javaws.jar:D:\jdk\jre/lib/deploy.jar:D:\jdk\jre/lib/plugin.jar:build/classes:build/test/classes" />
    <property name="ant.project.invoked-targets" value="test-single" />
    <property name="test.binaryexcludes" value="" />
    <property name="libs.swing-layout.javadoc" value="D:\netbeans\NetBeans 8.0\platform\docs\swing-layout-1.0.4-doc.zip" />
    <property name="sun.java2d.dpiaware" value="true" />
    <property name="libs.hibernate4-persistence.maven-pom" value="" />
    <property name="libs.DataBindingME-SVG.classpath" value="D:\netbeans\NetBeans 8.0\mobility\modules\ext\netbeans_databindingme_svg.jar" />
    <property name="https.nonProxyHosts" value="localhost|127.0.0.1|E-laptop" />
    <property name="libs.PostgreSQLDriver.maven-pom" value="" />
    <property name="java.class.version" value="52.0" />
    <property name="libs.JAVADB_DRIVER_LABEL.classpath" value="D:\jdk\db\lib\derby.jar;D:\jdk\db\lib\derbyclient.jar;D:\jdk\db\lib\derbynet.jar" />
    <property name="libs.hibernate4-persistencemodelgen.maven-pom" value="" />
    <property name="libs.javaee-endorsed-api-6.0.src" value="" />
    <property name="libs.eclipselink.javadoc" value="" />
    <property name="libs.jsp-compilation.maven-pom" value="" />
    <property name="user.properties.file" value="C:\Users\edwin\AppData\Roaming\NetBeans\8.0\build.properties" />
    <property name="runtime.encoding" value="UTF-8" />
    <property name="javafx.rebase.libs" value="false" />
    <property name="libs.javac-api.maven-pom" value="" />
    <property name="file.encoding.pkg" value="sun.io" />
    <property name="sun.cpu.endian" value="little" />
    <property name="libs.JAXB-ENDORSED.javadoc" value="" />
    <property name="libs.JWSAntTasks.classpath" value="D:\netbeans\NetBeans 8.0\java\ant\extra\org-netbeans-modules-javawebstart-anttasks.jar" />
    <property name="libs.spring-webmvc4.0.maven-pom" value="" />
    <property name="libs.spring-framework300.src" value="" />
    <property name="libs.jstl.src" value="" />
    <property name="empty.dir" value="C:\Users\edwin\Desktop\fuckbomen\StamboomProject\build\empty" />
    <property name="javafx.deploy.backgroundupdate" value="false" />
    <property name="javafx.disable.concurrent.runs" value="false" />
    <property name="version-output" value="java version &quot;1.8" />
    <property name="test.binarytestincludes" value="" />
    <property name="libs.hibernate4-persistencemodelgen.src" value="" />
    <property name="javafx.preloader.jar.path" value="" />
    <property name="javadoc.preview" value="true" />
    <property name="auxiliary.org-netbeans-modules-editor-indent.CodeStyle.usedProfile" value="project" />
    <property name="libs.jpa20-persistence.javadoc" value="" />
    <property name="java.home" value="D:\jdk\jre" />
    <property name="libs.jsp-compilation.src" value="" />
    <property name="debug.test.classpath" value="D:\netbeans\NetBeans 8.0\ide\modules\ext\mysql-connector-java-5.1.23-bin.jar:D:\netbeans\NetBeans 8.0\platform\modules\ext\junit-4.10.jar:D:\jdk\jre/lib/javaws.jar:D:\jdk\jre/lib/deploy.jar:D:\jdk\jre/lib/plugin.jar:build/classes:build/test/classes" />
    <property name="libs.javaee-endorsed-api-6.0.classpath" value="D:\netbeans\NetBeans 8.0\enterprise\modules\ext\javaee6-endorsed\javax.annotation.jar;D:\netbeans\NetBeans 8.0\enterprise\modules\ext\javaee6-endorsed\jaxb-api-osgi.jar;D:\netbeans\NetBeans 8.0\enterprise\modules\ext\javaee6-endorsed\webservices-api-osgi.jar" />
    <property name="libs.javaee-api-6.0.src" value="" />
    <property name="netbeans.importclass" value="org.netbeans.upgrade.AutoUpgrade" />
    <property name="ant.project.default-target" value="default" />
    <property name="annotation.processing.run.all.processors" value="true" />
    <property name="jar.archive.disabled" value="true" />
    <property name="libs.DataBindingME.maven-pom" value="" />
    <property name="libs.PostgreSQLDriver.javadoc" value="" />
    <property name="libs.restlib.classpath" value="D:\netbeans\NetBeans 8.0\enterprise\modules\ext\jersey2\ext\asm-all-repackaged-2.1.88.jar;D:\netbeans\NetBeans 8.0\enterprise\modules\ext\jersey2\ext\cglib-2.1.88.jar;D:\netbeans\NetBeans 8.0\enterprise\modules\ext\jersey2\ext\guava-14.0.1.jar;D:\netbeans\NetBeans 8.0\enterprise\modules\ext\jersey2\ext\hk2-api-2.1.88.jar;D:\netbeans\NetBeans 8.0\enterprise\modules\ext\jersey2\ext\hk2-locator-2.1.88.jar;D:\netbeans\NetBeans 8.0\enterprise\modules\ext\jersey2\ext\hk2-utils-2.1.88.jar;D:\netbeans\NetBeans 8.0\enterprise\modules\ext\jersey2\ext\javax.annotation-api-1.2.jar;D:\netbeans\NetBeans 8.0\enterprise\modules\ext\jersey2\ext\javax.inject-2.1.88.jar;D:\netbeans\NetBeans 8.0\enterprise\modules\ext\jersey2\ext\javax.servlet-api-3.1.0.jar;D:\netbeans\NetBeans 8.0\enterprise\modules\ext\jersey2\ext\jaxb-api-2.2.7.jar;D:\netbeans\NetBeans 8.0\enterprise\modules\ext\jersey2\ext\org.osgi.core-4.2.0.jar;D:\netbeans\NetBeans 8.0\enterprise\modules\ext\jersey2\ext\osgi-resource-locator-1.0.1.jar;D:\netbeans\NetBeans 8.0\enterprise\modules\ext\jersey2\ext\persistence-api-1.0.jar;D:\netbeans\NetBeans 8.0\enterprise\modules\ext\jersey2\ext\validation-api-1.1.0.jar;D:\netbeans\NetBeans 8.0\enterprise\modules\ext\jersey2\jersey-client.jar;D:\netbeans\NetBeans 8.0\enterprise\modules\ext\jersey2\jersey-common.jar;D:\netbeans\NetBeans 8.0\enterprise\modules\ext\jersey2\jersey-container-servlet.jar;D:\netbeans\NetBeans 8.0\enterprise\modules\ext\jersey2\jersey-container-servlet-core.jar;D:\netbeans\NetBeans 8.0\enterprise\modules\ext\jersey2\jersey-server.jar;D:\netbeans\NetBeans 8.0\enterprise\modules\ext\jersey2\extensions\jackson-core-asl-1.9.11.jar;D:\netbeans\NetBeans 8.0\enterprise\modules\ext\jersey2\extensions\jackson-jaxrs-1.9.11.jar;D:\netbeans\NetBeans 8.0\enterprise\modules\ext\jersey2\extensions\jackson-mapper-asl-1.9.11.jar;D:\netbeans\NetBeans 8.0\enterprise\modules\ext\jersey2\extensions\jackson-xc-1.9.11.jar;D:\netbeans\NetBeans 8.0\enterprise\modules\ext\jersey2\extensions\jersey-media-json-jackson-2.0.jar;D:\netbeans\NetBeans 8.0\enterprise\modules\ext\jersey2\extensions\jersey-media-json-jettison-2.0.jar;D:\netbeans\NetBeans 8.0\enterprise\modules\ext\jersey2\extensions\jettison-1.3.3.jar" />
    <property name="javafx.main.class" value="stamboom.gui.StamboomGUI" />
    <property name="libs.MySQLDriver.maven-pom" value="" />
    <property name="javafx.native.bundling.enabled" value="false" />
    <property name="libs.hibernate4-persistence.javadoc" value="" />
    <property name="javafx.application.implementation.version" value="1.0" />
    <property name="http.nonProxyHosts" value="localhost|127.0.0.1|E-laptop" />
    <property name="libs.junit_4.javadoc" value="D:\netbeans\NetBeans 8.0\java\docs\junit-4.10-javadoc.jar" />
    <property name="libs.javaee-web-api-6.0.maven-pom" value="" />
    <property name="run.classpath" value="dist/StamboomProject.jar:D:\netbeans\NetBeans 8.0\ide\modules\ext\mysql-connector-java-5.1.23-bin.jar:D:\netbeans\NetBeans 8.0\platform\modules\ext\junit-4.10.jar:D:\jdk\jre/lib/javaws.jar:D:\jdk\jre/lib/deploy.jar:D:\jdk\jre/lib/plugin.jar" />
    <property name="jna.boot.library.name" value="jnidispatch-340" />
    <property name="libs.javaee-endorsed-api-6.0.javadoc" value="D:\netbeans\NetBeans 8.0\enterprise\docs\javaee-doc-api.jar" />
    <property name="libs.javaee-api-7.0.classpath" value="D:\netbeans\NetBeans 8.0\enterprise\modules\ext\javaee-api-7.0.jar" />
    <property name="sun.awt.datatransfer.timeout" value="1000" />
    <property name="libs.spring-webmvc3.0.javadoc" value="" />
    <property name="libs.jpa2-persistence.maven-pom" value="" />
    <property name="annotation.processing.enabled.in.editor" value="false" />
    <property name="libs.hibernate4-support.classpath" value="D:\netbeans\NetBeans 8.0\java\modules\ext\hibernate4\antlr-2.7.7.jar;D:\netbeans\NetBeans 8.0\java\modules\ext\hibernate4\c3p0-0.9.2.1.jar;D:\netbeans\NetBeans 8.0\java\modules\ext\hibernate4\hibernate-c3p0-4.2.6.Final.jar;D:\netbeans\NetBeans 8.0\java\modules\ext\hibernate4\dom4j-1.6.1.jar;D:\netbeans\NetBeans 8.0\java\modules\ext\hibernate4\ehcache-core-2.4.3.jar;D:\netbeans\NetBeans 8.0\java\modules\ext\hibernate4\hibernate-ehcache-4.2.6.Final.jar;D:\netbeans\NetBeans 8.0\java\modules\ext\hibernate4\hibernate-core-4.2.6.Final.jar;D:\netbeans\NetBeans 8.0\java\modules\ext\hibernate4\jboss-logging-3.1.0.GA.jar;D:\netbeans\NetBeans 8.0\java\modules\ext\hibernate4\hibernate-commons-annotations-4.0.2.Final.jar;D:\netbeans\NetBeans 8.0\java\modules\ext\hibernate4\hibernate-entitymanager-4.2.6.Final.jar;D:\netbeans\NetBeans 8.0\java\modules\ext\hibernate4\javassist-3.15.0-GA.jar;D:\netbeans\NetBeans 8.0\java\modules\ext\hibernate4\jboss-transaction-api_1.1_spec-1.0.1.Final.jar;D:\netbeans\NetBeans 8.0\java\modules\ext\hibernate4\slf4j-api-1.6.1.jar;D:\netbeans\NetBeans 8.0\java\modules\ext\hibernate4\slf4j-simple-1.6.1.jar" />
    <property name="auxiliary.org-netbeans-modules-editor-indent.CodeStyle.project.indent-shift-width" value="4" />
    <property name="auxiliary.org-netbeans-modules-editor-indent.CodeStyle.project.text-line-wrap" value="none" />
    <property name="auxiliary.org-netbeans-modules-editor-indent.CodeStyle.project.expand-tabs" value="true" />
    <property name="nb.native.filechooser" value="false" />
    <property name="libs.restapi.src" value="" />
    <property name="sun.management.compiler" value="HotSpot Client Compiler" />
    <property name="libs.j2me_common_ant.javadoc" value="" />
    <property name="javac.deprecation" value="false" />
    <property name="javadoc.use" value="true" />
    <property name="sun.java2d.noddraw" value="true" />
    <property name="libs.jsp-compiler.classpath" value="D:\netbeans\NetBeans 8.0\enterprise\ant\extra\jspcompile.jar" />
    <property name="javac.processorpath" value="D:\netbeans\NetBeans 8.0\ide\modules\ext\mysql-connector-java-5.1.23-bin.jar:D:\netbeans\NetBeans 8.0\platform\modules\ext\junit-4.10.jar:D:\jdk\jre/lib/javaws.jar:D:\jdk\jre/lib/deploy.jar:D:\jdk\jre/lib/plugin.jar" />
    <property name="javac.compilerargs" value="" />
    <property name="ant.file" value="C:\Users\edwin\Desktop\fuckbomen\StamboomProject\build.xml" />
    <property name="libs.beans-binding.maven-pom" value="" />
    <property name="libs.hibernate4-support.javadoc" value="" />
    <property name="libs.jsf12.classpath" value="D:\netbeans\NetBeans 8.0\enterprise\modules\ext\jsf-1_2\commons-beanutils.jar;D:\netbeans\NetBeans 8.0\enterprise\modules\ext\jsf-1_2\commons-collections.jar;D:\netbeans\NetBeans 8.0\enterprise\modules\ext\jsf-1_2\commons-digester.jar;D:\netbeans\NetBeans 8.0\enterprise\modules\ext\jsf-1_2\commons-logging.jar;D:\netbeans\NetBeans 8.0\enterprise\modules\ext\jsf-1_2\jsf-api.jar;D:\netbeans\NetBeans 8.0\enterprise\modules\ext\jsf-1_2\jsf-impl.jar" />
    <property name="libs.jstl.maven-pom" value="" />
    <property name="libs.restapi.maven-pom" value="" />
    <property name="javafx.signing.type" value="self" />
    <property name="libs.beans-binding.src" value="" />
    <property name="ant.file.type.StamboomV2Docent" value="file" />
    <property name="java.vm.specification.vendor" value="Oracle Corporation" />
    <property name="libs.DataBindingME-PIM.javadoc" value="D:\netbeans\NetBeans 8.0\mobility\modules\docs\netbeans_databindingme_pim-api.zip" />
    <property name="libs.swing-layout.src" value="D:\netbeans\NetBeans 8.0\platform\docs\swing-layout-1.0.4-src.zip" />
    <property name="org.openide.major.version" value="IDE/1" />
    <property name="java.vm.name" value="Java HotSpot(TM) Client VM" />
    <property name="javafx.preloader.jar.filename" value="" />
    <property name="netbeans.user" value="C:\Users\edwin\AppData\Roaming\NetBeans\8.0" />
    <property name="javadoc.additionalparam" value="" />
    <property name="java.io.tmpdir" value="C:\Users\edwin\AppData\Local\Temp\" />
    <property name="java.vendor.url" value="http://java.oracle.com/" />
    <property name="endorsed.classpath.cmd.line.arg" value="" />
    <property name="junit.available" value="true" />
    <property name="libs.jsp-compiler.src" value="" />
    <property name="sun.boot.library.path" value="D:\jdk\jre\bin" />
    <property name="have.sources" value="true" />
    <property name="debug.classpath" value="dist/StamboomProject.jar:D:\netbeans\NetBeans 8.0\ide\modules\ext\mysql-connector-java-5.1.23-bin.jar:D:\netbeans\NetBeans 8.0\platform\modules\ext\junit-4.10.jar:D:\jdk\jre/lib/javaws.jar:D:\jdk\jre/lib/deploy.jar:D:\jdk\jre/lib/plugin.jar" />
    <property name="javadoc.private" value="false" />
    <property name="libs.jsf20.classpath" value="D:\netbeans\NetBeans 8.0\enterprise\modules\ext\jsf-2_2\javax.faces.jar" />
    <property name="ap.processors.internal" value="" />
    <property name="meta.inf.dir" value="src/META-INF" />
    <property name="javadoc.encoding.used" value="UTF-8" />
    <property name="libs.DataBindingME-SVG.src" value="D:\netbeans\NetBeans 8.0\mobility\sources\netbeans_databindingme_svg-src.zip" />
    <property name="dist.jar" value="dist/StamboomProject.jar" />
    <property name="libs.spring-framework400.maven-pom" value="" />
    <property name="java.runtime.name" value="Java(TM) SE Runtime Environment" />
    <property name="ant.project.name" value="StamboomV2Docent" />
    <property name="netbeans.hash.code" value="unique=NB_CND_EXTIDE_GFMOD_GROOVY_JAVA_JC_MOB_PHP_WEBCOMMON_WEBEE092070440-d11d-439b-add7-446c40afdf52_b7893626-55e5-4d3d-a2aa-a03e0e4447fa" />
    <property name="netbeans.default_userdir_root" value="C:\Users\edwin\AppData\Roaming\NetBeans" />
    <property name="libs.jsp-compilation-syscp.maven-pom" value="" />
    <property name="sun.cpu.isalist" value="pentium_pro+mmx pentium_pro pentium+mmx pentium i486 i386 i86" />
    <property name="libs.spring-framework400.javadoc" value="" />
    <property name="libs.CopyLibs.javadoc" value="" />
    <property name="org.openide.specification.version" value="6.2" />
    <property name="javafx.classpath.extension" value="D:\jdk\jre/lib/javaws.jar:D:\jdk\jre/lib/deploy.jar:D:\jdk\jre/lib/plugin.jar" />
    <property name="libs.DataBindingME-PIM.classpath" value="D:\netbeans\NetBeans 8.0\mobility\modules\ext\netbeans_databindingme_pim.jar" />
    <property name="user.home" value="C:\Users\edwin" />
    <property name="annotation.processing.processors.list" value="" />
    <property name="debug-args-line" value="-Xdebug" />
    <property name="libs.primefaces.maven-pom" value="" />
    <property name="libs.javaee-api-6.0.maven-pom" value="" />
    <property name="libs.JWSAntTasks.src" value="" />
    <property name="libs.CopyLibs.maven-pom" value="" />
    <property name="jar.index" value="false" />
    <property name="libs.absolutelayout.javadoc" value="" />
    <property name="libs.spring-framework300.javadoc" value="" />
    <property name="java.specification.name" value="Java Platform API Specification" />
    <property name="java.specification.vendor" value="Oracle Corporation" />
    <property name="libs.javac-api.classpath" value="D:\netbeans\NetBeans 8.0\java\modules\ext\nb-javac-api.jar" />
    <property name="java.version" value="1.8.0_20" />
    <property name="javadoc.version" value="false" />
    <property name="run.jvmargs.ide" value="" />
    <property name="libs.MySQLDriver.javadoc" value="" />
    <property name="org.openide.version" value="deprecated" />
    <property name="platform.java" value="D:\jdk\jre/bin/java" />
    <property name="source.encoding" value="UTF-8" />
    <property name="ap.cmd.line.internal" value="" />
    <property name="libs.eclipselinkmodelgen.maven-pom" value="" />
    <property name="libs.jsp-compilation-syscp.javadoc" value="" />
    <property name="libs.junit.maven-pom" value="" />
    <property name="ant.file.type.jfx-impl" value="file" />
    <property name="libs.javaee-endorsed-api-7.0.classpath" value="D:\netbeans\NetBeans 8.0\enterprise\modules\ext\javaee7-endorsed\javax.annotation-api.jar;D:\netbeans\NetBeans 8.0\enterprise\modules\ext\javaee7-endorsed\javax.xml.soap-api.jar;D:\netbeans\NetBeans 8.0\enterprise\modules\ext\javaee7-endorsed\jaxb-api-osgi.jar;D:\netbeans\NetBeans 8.0\enterprise\modules\ext\javaee7-endorsed\jaxws-api.jar;D:\netbeans\NetBeans 8.0\enterprise\modules\ext\javaee7-endorsed\jsr181-api.jar" />
    <property name="libs.eclipselinkmodelgen.javadoc" value="" />
    <property name="libs.metro.javadoc" value="D:\netbeans\NetBeans 8.0\enterprise\docs\metro-1.4-doc.zip" />
    <property name="libs.struts.maven-pom" value="" />
    <property name="ant.file.jfx-impl" value="C:\Users\edwin\Desktop\fuckbomen\StamboomProject\nbproject\jfx-impl.xml" />
    <property name="netbeans.home+have.tests" value="true" />
    <property name="javafx.deploy.adddesktopshortcut" value="false" />
    <property name="annotation.processing.processor.options" value="" />
    <property name="libs.testng.maven-pom" value="" />
    <property name="libs.jaxb.src" value="" />
    <property name="ant.file.type.StamboomProject-impl" value="file" />
    <property name="work.dir" value="C:\Users\edwin\Desktop\fuckbomen\StamboomProject" />
    <property name="libs.jaxb.classpath" value="D:\netbeans\NetBeans 8.0\ide\modules\ext\jaxb\jaxb-impl.jar;D:\netbeans\NetBeans 8.0\ide\modules\ext\jaxb\jaxb-xjc.jar;D:\netbeans\NetBeans 8.0\ide\modules\ext\jaxb\jaxb1-impl.jar;D:\netbeans\NetBeans 8.0\ide\modules\ext\jaxb\activation.jar;D:\netbeans\NetBeans 8.0\ide\modules\ext\jaxb\api\jaxb-api.jar;D:\netbeans\NetBeans 8.0\ide\modules\ext\jaxb\api\jsr173_1.0_api.jar" />
    <property name="compile.on.save.unsupported.javafx" value="true" />
    <property name="do.depend" value="false" />
    <property name="dist.javadoc.dir" value="dist/javadoc" />
    <property name="libs.j2me_common_ant.classpath" value="D:\netbeans\NetBeans 8.0\mobility\modules\org-netbeans-modules-j2me-common-ant.jar;D:\netbeans\NetBeans 8.0\java\modules\org-netbeans-modules-classfile.jar" />
    <property name="libs.spring-webmvc3.0.classpath" value="D:\netbeans\NetBeans 8.0\java\modules\ext\spring-3.0\spring-webmvc-3.2.7.RELEASE.jar" />
    <property name="libs.swing-layout.classpath" value="D:\netbeans\NetBeans 8.0\platform\modules\ext\swing-layout-1.0.4.jar" />
    <property name="libs.javaee-web-api-7.0.maven-pom" value="" />
    <property name="libs.restlib.src" value="" />
    <property name="javac.source" value="1.7" />
    <property name="build.generated.dir" value="build/generated" />
    <property name="javafx.fallback.class" value="com.javafx.main.NoJavaFXFallback" />
    <property name="line.separator" value="&#xd;&#xa;" />
    <property name="auxiliary.org-netbeans-modules-editor-indent.CodeStyle.project.tab-size" value="8" />
    <property name="java.specification.version" value="1.8" />
    <property name="java.vm.info" value="mixed mode" />
    <property name="libs.jaxws21.maven-pom" value="" />
    <property name="nb.junit.batch" value="true" />
    <property name="junit.forkmode" value="perTest" />
    <property name="ant.file.StamboomV2Docent" value="C:\Users\edwin\Desktop\fuckbomen\StamboomProject\build.xml" />
    <property name="sun.boot.class.path" value="D:\jdk\jre\lib\resources.jar;D:\jdk\jre\lib\rt.jar;D:\jdk\jre\lib\sunrsasign.jar;D:\jdk\jre\lib\jsse.jar;D:\jdk\jre\lib\jce.jar;D:\jdk\jre\lib\charsets.jar;D:\jdk\jre\lib\jfr.jar;D:\jdk\jre\classes" />
    <property name="javac.target" value="1.7" />
    <property name="built-jar.properties" value="C:\Users\edwin\Desktop\fuckbomen\StamboomProject\build\built-jar.properties" />
    <property name="build.test.classes.dir" value="build/test/classes" />
    <property name="javafx.deploy.permissionselevated" value="true" />
    <property name="src.dir" value="src" />
    <property name="libs.jpa2-persistence.src" value="" />
    <property name="annotation.processing.enabled" value="true" />
    <property name="sun.awt.keepWorkingSetOnMinimize" value="true" />
    <property name="libs.jsf20.src" value="" />
    <property name="libs.jpa20-persistence.src" value="" />
    <property name="libs.jsf12.src" value="" />
    <property name="libs.DataBindingME-SVG.maven-pom" value="" />
    <property name="auxiliary.org-netbeans-modules-editor-indent.CodeStyle.project.spaces-per-tab" value="4" />
    <property name="libs.JAVADB_DRIVER_LABEL.maven-pom" value="" />
    <property name="libs.struts.javadoc" value="D:\netbeans\NetBeans 8.0\enterprise\docs\struts-1.3.10-javadoc.zip" />
    <property name="ignore.failing.tests" value="true" />
    <property name="javafx.enable.concurrent.external.runs" value="false" />
    <property name="libs.javaee-web-api-7.0.src" value="" />
    <property name="libs.primefaces.src" value="" />
    <property name="javafx.deploy.embedJNLP" value="true" />
    <property name="dist.dir" value="dist" />
    <property name="libs.groovy-all.javadoc" value="" />
    <property name="testng.debug.mode" value="" />
    <property name="libs.groovy-all.classpath" value="D:\netbeans\NetBeans 8.0\groovy\modules\ext\groovy-all.jar" />
    <property name="javac.fork" value="false" />
    <property name="java.awt.printerjob" value="sun.awt.windows.WPrinterJob" />
    <property name="default.javac.source" value="1.8" />
    <property name="debug-transport-by-os" value="dt_shmem" />
    <property name="sun.jnu.encoding" value="Cp1252" />
    <property name="libs.MySQLDriver.src" value="" />
    <property name="build.test.results.dir" value="build/test/results" />
    <property name="java.runtime.version" value="1.8.0_20-b26" />
    <property name="native.bundling.enabled" value="false" />
    <property name="javafx.deploy.disable.proxy" value="false" />
    <property name="default.javac.target" value="1.8" />
    <property name="libs.junit_4.classpath" value="D:\netbeans\NetBeans 8.0\platform\modules\ext\junit-4.10.jar" />
    <property name="user.timezone" value="Europe/Berlin" />
    <property name="nb.junit.single" value="false" />
    <property name="libs.javaee-endorsed-api-6.0.maven-pom" value="" />
    <property name="libs.JAVADB_DRIVER_LABEL.javadoc" value="" />
    <property name="netbeans.dirs" value="D:\netbeans\NetBeans 8.0\nb;D:\netbeans\NetBeans 8.0\ergonomics;D:\netbeans\NetBeans 8.0\ide;D:\netbeans\NetBeans 8.0\extide;D:\netbeans\NetBeans 8.0\java;D:\netbeans\NetBeans 8.0\apisupport;D:\netbeans\NetBeans 8.0\webcommon;D:\netbeans\NetBeans 8.0\websvccommon;D:\netbeans\NetBeans 8.0\enterprise;D:\netbeans\NetBeans 8.0\mobility;D:\netbeans\NetBeans 8.0\profiler;D:\netbeans\NetBeans 8.0\python;D:\netbeans\NetBeans 8.0\php;D:\netbeans\NetBeans 8.0\identity;D:\netbeans\NetBeans 8.0\harness;D:\netbeans\NetBeans 8.0\cnd;D:\netbeans\NetBeans 8.0\dlight;D:\netbeans\NetBeans 8.0\groovy;D:\netbeans\NetBeans 8.0\extra;D:\netbeans\NetBeans 8.0\javacard;D:\netbeans\NetBeans 8.0\javafx" />
    <property name="libs.jsf20.javadoc" value="D:\netbeans\NetBeans 8.0\enterprise\docs\javaee-doc-api.jar" />
    <property name="libs.jstl.javadoc" value="D:\netbeans\NetBeans 8.0\enterprise\docs\javaee-doc-api.jar" />
    <property name="java.ext.dirs" value="D:\jdk\jre\lib\ext;C:\WINDOWS\Sun\Java\lib\ext" />
    <property name="libs.metro.src" value="" />
    <property name="endorsed.classpath" value="" />
    <property name="libs.absolutelayout.classpath" value="D:\netbeans\NetBeans 8.0\java\modules\ext\AbsoluteLayout.jar" />
    <property name="excludes" value="" />
    <property name="libs.restlib.maven-pom" value="" />
    <property name="libs.metro.classpath" value="D:\netbeans\NetBeans 8.0\ide\modules\ext\jaxb\activation.jar;D:\netbeans\NetBeans 8.0\enterprise\modules\ext\metro\webservices-api.jar;D:\netbeans\NetBeans 8.0\enterprise\modules\ext\metro\webservices-extra-api.jar;D:\netbeans\NetBeans 8.0\enterprise\modules\ext\metro\webservices-extra.jar;D:\netbeans\NetBeans 8.0\enterprise\modules\ext\metro\webservices-rt.jar;D:\netbeans\NetBeans 8.0\enterprise\modules\ext\metro\webservices-tools.jar" />
    <property name="libs.jpa2-persistence.javadoc" value="" />
    <property name="libs.DataBindingME.javadoc" value="D:\netbeans\NetBeans 8.0\mobility\modules\docs\netbeans_databindingme-api.zip" />
    <property name="apple.laf.useScreenMenuBar" value="true" />
    <property name="java.class.path" value="D:\netbeans\NetBeans 8.0\ide\modules\ext\mysql-connector-java-5.1.23-bin.jar;D:\netbeans\NetBeans 8.0\platform\modules\ext\junit-4.10.jar;D:\jdk\jre\lib\javaws.jar;D:\jdk\jre\lib\deploy.jar;D:\jdk\jre\lib\plugin.jar;C:\Users\edwin\Desktop\fuckbomen\StamboomProject\build\classes;C:\Users\edwin\Desktop\fuckbomen\StamboomProject\build\test\classes;D:\netbeans\NetBeans 8.0\extide\ant\lib\ant-launcher.jar;D:\netbeans\NetBeans 8.0\extide\ant\lib\ant.jar;D:\netbeans\NetBeans 8.0\extide\ant\lib\ant-junit.jar;D:\netbeans\NetBeans 8.0\extide\ant\lib\ant-junit4.jar" />
    <property name="libs.absolutelayout.src" value="" />
    <property name="libs.jpa20-persistence.classpath" value="D:\netbeans\NetBeans 8.0\java\modules\ext\eclipselink\javax.persistence_2.1.0.v201304241213.jar" />
    <property name="os.version" value="6.3" />
    <property name="application.args" value="" />
    <property name="manifest.custom.permissions" value="" />
    <property name="libs.javaee-api-7.0.maven-pom" value="" />
    <property name="main.class.available" value="true" />
    <property name="sun.awt.enableExtraMouseButtons" value="true" />
    <property name="sun.desktop" value="windows" />
    <property name="libs.hibernate4-persistence.src" value="" />
    <property name="auxiliary.org-netbeans-spi-editor-hints-projects.perProjectHintSettingsFile" value="nbproject/cfg_hints.xml" />
    <property name="libs.hibernate4-support.maven-pom" value="" />
    <property name="libs.restlib.javadoc" value="" />
    <property name="javafx.deploy.allowoffline" value="true" />
    <property name="libs.JAXB-ENDORSED.classpath" value="D:\netbeans\NetBeans 8.0\ide\modules\ext\jaxb\api\jaxb-api.jar" />
    <property name="nb.internal.action.name" value="test.single" />
    <property name="libs.eclipselink.classpath" value="D:\netbeans\NetBeans 8.0\java\modules\ext\eclipselink\eclipselink.jar;D:\netbeans\NetBeans 8.0\java\modules\ext\eclipselink\javax.persistence_2.1.0.v201304241213.jar;D:\netbeans\NetBeans 8.0\java\modules\ext\eclipselink\org.eclipse.persistence.jpa.jpql_2.5.1.v20130918-f2b9fc5.jar" />
    <property name="libs.javaee-api-7.0.javadoc" value="D:\netbeans\NetBeans 8.0\enterprise\docs\javaee-doc-api.jar" />
    <property name="libs.beans-binding.javadoc" value="D:\netbeans\NetBeans 8.0\java\docs\beansbinding-1.2.1-doc.zip" />
    <property name="java.awt.graphicsenv" value="sun.awt.Win32GraphicsEnvironment" />
    <property name="java.vm.vendor" value="Oracle Corporation" />
    <property name="libs.CopyLibs.classpath" value="D:\netbeans\NetBeans 8.0\java\ant\extra\org-netbeans-modules-java-j2seproject-copylibstask.jar" />
    <property name="libs.spring-framework300.classpath" value="D:\netbeans\NetBeans 8.0\ide\modules\org-apache-commons-logging.jar;D:\netbeans\NetBeans 8.0\java\modules\ext\cglib-2.2.jar;D:\netbeans\NetBeans 8.0\java\modules\ext\spring-3.0\spring-aop-3.2.7.RELEASE.jar;D:\netbeans\NetBeans 8.0\java\modules\ext\spring-3.0\spring-aspects-3.2.7.RELEASE.jar;D:\netbeans\NetBeans 8.0\java\modules\ext\spring-3.0\spring-beans-3.2.7.RELEASE.jar;D:\netbeans\NetBeans 8.0\java\modules\ext\spring-3.0\spring-build-src-3.2.7.RELEASE.jar;D:\netbeans\NetBeans 8.0\java\modules\ext\spring-3.0\spring-context-3.2.7.RELEASE.jar;D:\netbeans\NetBeans 8.0\java\modules\ext\spring-3.0\spring-context-support-3.2.7.RELEASE.jar;D:\netbeans\NetBeans 8.0\java\modules\ext\spring-3.0\spring-core-3.2.7.RELEASE.jar;D:\netbeans\NetBeans 8.0\java\modules\ext\spring-3.0\spring-expression-3.2.7.RELEASE.jar;D:\netbeans\NetBeans 8.0\java\modules\ext\spring-3.0\spring-framework-bom-3.2.7.RELEASE.jar;D:\netbeans\NetBeans 8.0\java\modules\ext\spring-3.0\spring-instrument-3.2.7.RELEASE.jar;D:\netbeans\NetBeans 8.0\java\modules\ext\spring-3.0\spring-instrument-tomcat-3.2.7.RELEASE.jar;D:\netbeans\NetBeans 8.0\java\modules\ext\spring-3.0\spring-jdbc-3.2.7.RELEASE.jar;D:\netbeans\NetBeans 8.0\java\modules\ext\spring-3.0\spring-jms-3.2.7.RELEASE.jar;D:\netbeans\NetBeans 8.0\java\modules\ext\spring-3.0\spring-orm-3.2.7.RELEASE.jar;D:\netbeans\NetBeans 8.0\java\modules\ext\spring-3.0\spring-oxm-3.2.7.RELEASE.jar;D:\netbeans\NetBeans 8.0\java\modules\ext\spring-3.0\spring-struts-3.2.7.RELEASE.jar;D:\netbeans\NetBeans 8.0\java\modules\ext\spring-3.0\spring-test-3.2.7.RELEASE.jar;D:\netbeans\NetBeans 8.0\java\modules\ext\spring-3.0\spring-tx-3.2.7.RELEASE.jar;D:\netbeans\NetBeans 8.0\java\modules\ext\spring-3.0\spring-web-3.2.7.RELEASE.jar;D:\netbeans\NetBeans 8.0\java\modules\ext\spring-3.0\spring-webmvc-3.2.7.RELEASE.jar;D:\netbeans\NetBeans 8.0\java\modules\ext\spring-3.0\spring-webmvc-portlet-3.2.7.RELEASE.jar" />
    <property name="libs.jsp-compiler.maven-pom" value="" />
    <property name="run.jvmargs" value="" />
    <property name="libs.hibernate4-persistence.classpath" value="D:\netbeans\NetBeans 8.0\java\modules\ext\hibernate4\antlr-2.7.7.jar;D:\netbeans\NetBeans 8.0\java\modules\ext\hibernate4\c3p0-0.9.2.1.jar;D:\netbeans\NetBeans 8.0\java\modules\ext\hibernate4\hibernate-c3p0-4.2.6.Final.jar;D:\netbeans\NetBeans 8.0\java\modules\ext\hibernate4\dom4j-1.6.1.jar;D:\netbeans\NetBeans 8.0\java\modules\ext\hibernate4\ehcache-core-2.4.3.jar;D:\netbeans\NetBeans 8.0\java\modules\ext\hibernate4\hibernate-ehcache-4.2.6.Final.jar;D:\netbeans\NetBeans 8.0\java\modules\ext\hibernate4\hibernate-core-4.2.6.Final.jar;D:\netbeans\NetBeans 8.0\java\modules\ext\hibernate4\jboss-logging-3.1.0.GA.jar;D:\netbeans\NetBeans 8.0\java\modules\ext\hibernate4\hibernate-commons-annotations-4.0.2.Final.jar;D:\netbeans\NetBeans 8.0\java\modules\ext\hibernate4\hibernate-entitymanager-4.2.6.Final.jar;D:\netbeans\NetBeans 8.0\java\modules\ext\hibernate4\javassist-3.15.0-GA.jar;D:\netbeans\NetBeans 8.0\java\modules\ext\hibernate4\jboss-transaction-api_1.1_spec-1.0.1.Final.jar;D:\netbeans\NetBeans 8.0\java\modules\ext\hibernate4\slf4j-api-1.6.1.jar;D:\netbeans\NetBeans 8.0\java\modules\ext\hibernate4\slf4j-simple-1.6.1.jar;D:\netbeans\NetBeans 8.0\java\modules\ext\hibernate4\hibernate-jpa-2.0-api-1.0.1.Final.jar" />
    <property name="libs.JAXB-ENDORSED.src" value="" />
    <property name="libs.testng.javadoc" value="D:\netbeans\NetBeans 8.0\platform\docs\testng-6.8.1-javadoc.zip" />
    <property name="libs.DataBindingME-PIM.src" value="D:\netbeans\NetBeans 8.0\mobility\sources\netbeans_databindingme_pim-src.zip" />
    <property name="user.script" value="" />
    <property name="libs.PostgreSQLDriver.classpath" value="D:\netbeans\NetBeans 8.0\ide\modules\ext\postgresql-9.2-1002.jdbc4.jar" />
    <property name="libs.jsf12.maven-pom" value="" />
    <property name="libs.hibernate4-persistencemodelgen.classpath" value="D:\netbeans\NetBeans 8.0\java\modules\ext\hibernate4\hibernate-jpamodelgen-1.3.0.Final.jar" />
    <property name="libs.junit.src" value="" />
    <property name="annotation.processing.source.output" value="build/generated-sources/ap-source-output" />
    <property name="main.class" value="com.javafx.main.Main" />
    <property name="libs.CopyLibs.src" value="" />
    <property name="build.dir" value="build" />
    <property name="libs.jsp-compilation.classpath" value="D:\netbeans\NetBeans 8.0\extide\ant\lib\ant.jar;D:\netbeans\NetBeans 8.0\enterprise\modules\ext\servlet3.1-jsp2.3-api.jar;D:\netbeans\NetBeans 8.0\enterprise\modules\ext\glassfish-jspparser-4.0.jar;D:\netbeans\NetBeans 8.0\enterprise\modules\ext\jsf-2_2\javax.faces.jar;D:\netbeans\NetBeans 8.0\enterprise\modules\ext\jstl-api.jar;D:\netbeans\NetBeans 8.0\extide\ant\lib\ant-launcher.jar" />
    <property name="ant.version" value="Apache Ant(TM) version 1.9.2 compiled on July 8 2013" />
    <property name="file.encoding" value="Cp1252" />
    <property name="build.classes.excludes" value="**/*.java,**/*.form" />
    <property name="javadoc.nonavbar" value="false" />
    <property name="jdkBug6558476" value="false" />
    <property name="libs.spring-webmvc4.0.classpath" value="D:\netbeans\NetBeans 8.0\java\modules\ext\spring-4\spring-webmvc-4.0.1.RELEASE.jar" />
    <property name="platform.active" value="default_platform" />
    <property name="awt.toolkit" value="sun.awt.windows.WToolkit" />
    <property name="javafx.deploy.installpermanently" value="false" />
    <property name="libs.javaee-web-api-7.0.javadoc" value="D:\netbeans\NetBeans 8.0\enterprise\docs\javaee-doc-api.jar" />
  </properties>
  <testcase classname="stamboom.storage.SerialisatieTest" name="testOpslag" time="0.04" />
  <system-out><![CDATA[testOpslag
]]></system-out>
  <system-err><![CDATA[]]></system-err>
</testsuite>
